<?xml version="1.0" encoding="UTF-8"?>
<!-- Generated by org.testng.reporters.JUnitReportReporter -->
<testsuite hostname="LP-AnshulC" name="com.SBIXDDF.TestCases.HomePageTest" tests="3" failures="0" timestamp="15 Jul 2016 11:24:42 GMT" time="20.824" errors="0">
  <testcase name="verifyHomePageElements" time="16.484" classname="com.SBIXDDF.TestCases.HomePageTest"/>
  <testcase name="verifyLanding" time="0.303" classname="com.SBIXDDF.TestCases.HomePageTest"/>
  <testcase name="verifyLogo" time="4.037" classname="com.SBIXDDF.TestCases.HomePageTest"/>
</testsuite> <!-- com.SBIXDDF.TestCases.HomePageTest -->
