<?xml version="1.0" encoding="UTF-8"?>
<!-- Generated by org.testng.reporters.JUnitReportReporter -->
<testsuite hostname="alkesh-asus" name="com.SBIXDDF.TestCases.WelcomeTest" tests="1" failures="0" timestamp="9 Oct 2016 08:09:56 GMT" time="65.419" errors="0">
  <testcase name="verifyHeaderLinksIsPresent" time="65.419" classname="com.SBIXDDF.TestCases.WelcomeTest"/>
</testsuite> <!-- com.SBIXDDF.TestCases.WelcomeTest -->
